<?xml version="1.0" encoding="UTF-8"?>
<testng-results ignored="0" total="1" passed="1" failed="0" skipped="0">
  <reporter-output>
  </reporter-output>
  <suite started-at="2022-02-04T14:38:45 IST" name="Default suite" finished-at="2022-02-04T14:38:52 IST" duration-ms="7288">
    <groups>
    </groups>
    <test started-at="2022-02-04T14:38:45 IST" name="Default test" finished-at="2022-02-04T14:38:52 IST" duration-ms="7288">
      <class name="TestChallenge_01.LoginAndSelectMaxItem">
        <test-method signature="loginDetails(java.lang.String,java.lang.String)[pri:0, instance:TestChallenge_01.LoginAndSelectMaxItem@223aa2f7]" started-at="2022-02-04T14:38:45 IST" name="loginDetails" data-provider="getData" finished-at="2022-02-04T14:38:51 IST" duration-ms="6284" status="PASS">
          <params>
            <param index="0">
              <value>
                <![CDATA[standard_user]]>
              </value>
            </param>
            <param index="1">
              <value>
                <![CDATA[secret_sauce]]>
              </value>
            </param>
          </params>
          <reporter-output>
          </reporter-output>
        </test-method> <!-- loginDetails -->
        <test-method is-config="true" signature="TearDown()[pri:0, instance:TestChallenge_01.LoginAndSelectMaxItem@223aa2f7]" started-at="2022-02-04T14:38:51 IST" name="TearDown" finished-at="2022-02-04T14:38:52 IST" duration-ms="950" status="PASS">
          <reporter-output>
          </reporter-output>
        </test-method> <!-- TearDown -->
      </class> <!-- TestChallenge_01.LoginAndSelectMaxItem -->
    </test> <!-- Default test -->
  </suite> <!-- Default suite -->
</testng-results>
